<?xml version="1.0" encoding="UTF-8"?>
<!-- Generated by org.testng.reporters.JUnitReportReporter -->
<testsuite hostname="LenovoT550" name="com.bibliothek.verwaltung.TestKlasse" tests="4" failures="0" timestamp="31 Mar 2017 14:40:49 GMT" time="0.039" errors="0">
  <testcase name="loeschen" time="0.003" classname="com.bibliothek.verwaltung.TestKlasse"/>
  <testcase name="anlegen" time="0.032" classname="com.bibliothek.verwaltung.TestKlasse"/>
  <testcase name="suchAlleBuecher" time="0.002" classname="com.bibliothek.verwaltung.TestKlasse"/>
  <testcase name="suchenNachId" time="0.002" classname="com.bibliothek.verwaltung.TestKlasse"/>
</testsuite> <!-- com.bibliothek.verwaltung.TestKlasse -->
